<?xml version="1.0" encoding="UTF-8"?>
<testng-results ignored="0" total="1" passed="1" failed="0" skipped="0">
  <reporter-output>
  </reporter-output>
  <suite started-at="2024-01-05T13:51:33 IST" name="Default suite" finished-at="2024-01-05T13:51:51 IST" duration-ms="18077">
    <groups>
    </groups>
    <test started-at="2024-01-05T13:51:33 IST" name="Default test" finished-at="2024-01-05T13:51:51 IST" duration-ms="18077">
      <class name="com.orangehrm_runner.login">
        <test-method is-config="true" signature="openApp()[pri:0, instance:com.orangehrm_runner.login@5562c41e]" started-at="2024-01-05T13:51:33 IST" name="openApp" finished-at="2024-01-05T13:51:41 IST" duration-ms="7527" status="PASS">
          <reporter-output>
          </reporter-output>
        </test-method> <!-- openApp -->
        <test-method signature="login()[pri:0, instance:com.orangehrm_runner.login@5562c41e]" started-at="2024-01-05T13:51:41 IST" name="login" finished-at="2024-01-05T13:51:51 IST" duration-ms="9645" status="PASS">
          <reporter-output>
          </reporter-output>
        </test-method> <!-- login -->
        <test-method is-config="true" signature="closeApp()[pri:0, instance:com.orangehrm_runner.login@5562c41e]" started-at="2024-01-05T13:51:51 IST" name="closeApp" finished-at="2024-01-05T13:51:51 IST" duration-ms="876" status="PASS">
          <reporter-output>
          </reporter-output>
        </test-method> <!-- closeApp -->
      </class> <!-- com.orangehrm_runner.login -->
    </test> <!-- Default test -->
  </suite> <!-- Default suite -->
</testng-results>
